<!DOCTYPE suite SYSTEM "http://testng.org/testng-1.0.dtd">
<suite name="Test Suite">
    <test name="API Tests">
        <classes>
            <class name="PokeAPI"/>
            <class name="BookingAPI"/>
        </classes>
    </test>
</suite>
